0 info it worked if it ends with ok
1 verbose cli [ '/home/ubuntu/.nvm/versions/node/v7.0.0/bin/node',
1 verbose cli   '/home/ubuntu/.nvm/versions/node/v7.0.0/bin/npm',
1 verbose cli   'install',
1 verbose cli   '--save',
1 verbose cli   'mraa' ]
2 info using npm@3.10.8
3 info using node@v7.0.0
4 silly loadCurrentTree Starting
5 silly install loadCurrentTree
6 silly install readLocalPackageData
7 silly fetchPackageMetaData mraa
8 silly fetchNamedPackageData mraa
9 silly mapToRegistry name mraa
10 silly mapToRegistry using default registry
11 silly mapToRegistry registry https://registry.npmjs.org/
12 silly mapToRegistry data Result {
12 silly mapToRegistry   raw: 'mraa',
12 silly mapToRegistry   scope: null,
12 silly mapToRegistry   escapedName: 'mraa',
12 silly mapToRegistry   name: 'mraa',
12 silly mapToRegistry   rawSpec: '',
12 silly mapToRegistry   spec: 'latest',
12 silly mapToRegistry   type: 'tag' }
13 silly mapToRegistry uri https://registry.npmjs.org/mraa
14 verbose request uri https://registry.npmjs.org/mraa
15 verbose request no auth needed
16 info attempt registry request try #1 at 7:32:21 PM
17 verbose request id fa966cc6a509ef26
18 verbose etag "B93YQSIYXEVVH9BBG42H9MOQ1"
19 http request GET https://registry.npmjs.org/mraa
20 http 304 https://registry.npmjs.org/mraa
21 verbose headers { date: 'Tue, 08 Nov 2016 19:32:21 GMT',
21 verbose headers   via: '1.1 varnish',
21 verbose headers   'cache-control': 'max-age=300',
21 verbose headers   etag: '"B93YQSIYXEVVH9BBG42H9MOQ1"',
21 verbose headers   age: '0',
21 verbose headers   connection: 'keep-alive',
21 verbose headers   'x-served-by': 'cache-ord1729-ORD',
21 verbose headers   'x-cache': 'MISS',
21 verbose headers   'x-cache-hits': '0',
21 verbose headers   'x-timer': 'S1478633541.675981,VS0,VE131',
21 verbose headers   vary: 'Accept-Encoding' }
22 silly get cb [ 304,
22 silly get   { date: 'Tue, 08 Nov 2016 19:32:21 GMT',
22 silly get     via: '1.1 varnish',
22 silly get     'cache-control': 'max-age=300',
22 silly get     etag: '"B93YQSIYXEVVH9BBG42H9MOQ1"',
22 silly get     age: '0',
22 silly get     connection: 'keep-alive',
22 silly get     'x-served-by': 'cache-ord1729-ORD',
22 silly get     'x-cache': 'MISS',
22 silly get     'x-cache-hits': '0',
22 silly get     'x-timer': 'S1478633541.675981,VS0,VE131',
22 silly get     vary: 'Accept-Encoding' } ]
23 verbose etag https://registry.npmjs.org/mraa from cache
24 verbose get saving mraa to /home/ubuntu/.npm/registry.npmjs.org/mraa/.cache.json
25 verbose correctMkdir /home/ubuntu/.npm correctMkdir not in flight; initializing
26 silly install normalizeTree
27 silly loadCurrentTree Finishing
28 silly loadIdealTree Starting
29 silly install loadIdealTree
30 silly cloneCurrentTree Starting
31 silly install cloneCurrentTreeToIdealTree
32 silly cloneCurrentTree Finishing
33 silly loadShrinkwrap Starting
34 silly install loadShrinkwrap
35 silly loadShrinkwrap Finishing
36 silly loadAllDepsIntoIdealTree Starting
37 silly install loadAllDepsIntoIdealTree
38 silly resolveWithNewModule mraa@1.5.1 checking installable status
39 silly cache add args [ 'mraa', null ]
40 verbose cache add spec mraa
41 silly cache add parsed spec Result {
41 silly cache add   raw: 'mraa',
41 silly cache add   scope: null,
41 silly cache add   escapedName: 'mraa',
41 silly cache add   name: 'mraa',
41 silly cache add   rawSpec: '',
41 silly cache add   spec: 'latest',
41 silly cache add   type: 'tag' }
42 silly addNamed mraa@latest
43 verbose addNamed "latest" is being treated as a dist-tag for mraa
44 info addNameTag [ 'mraa', 'latest' ]
45 silly mapToRegistry name mraa
46 silly mapToRegistry using default registry
47 silly mapToRegistry registry https://registry.npmjs.org/
48 silly mapToRegistry data Result {
48 silly mapToRegistry   raw: 'mraa',
48 silly mapToRegistry   scope: null,
48 silly mapToRegistry   escapedName: 'mraa',
48 silly mapToRegistry   name: 'mraa',
48 silly mapToRegistry   rawSpec: '',
48 silly mapToRegistry   spec: 'latest',
48 silly mapToRegistry   type: 'tag' }
49 silly mapToRegistry uri https://registry.npmjs.org/mraa
50 verbose addNameTag registry:https://registry.npmjs.org/mraa not in flight; fetching
51 verbose get https://registry.npmjs.org/mraa not expired, no request
52 silly addNameTag next cb for mraa with tag latest
53 silly addNamed mraa@1.5.1
54 verbose addNamed "1.5.1" is a plain semver version for mraa
55 silly cache afterAdd mraa@1.5.1
56 verbose afterAdd /home/ubuntu/.npm/mraa/1.5.1/package/package.json not in flight; writing
57 verbose correctMkdir /home/ubuntu/.npm correctMkdir not in flight; initializing
58 verbose afterAdd /home/ubuntu/.npm/mraa/1.5.1/package/package.json written
59 silly loadAllDepsIntoIdealTree Finishing
60 silly loadIdealTree Finishing
61 silly currentTree chat-example@0.0.0
61 silly currentTree ├── async@0.2.10
61 silly currentTree ├─┬ express@3.2.6
61 silly currentTree │ ├── buffer-crc32@0.2.1
61 silly currentTree │ ├── commander@0.6.1
61 silly currentTree │ ├─┬ connect@2.7.11
61 silly currentTree │ │ ├── bytes@0.2.0
61 silly currentTree │ │ ├── cookie@0.0.5
61 silly currentTree │ │ ├── formidable@1.0.14
61 silly currentTree │ │ ├── pause@0.0.1
61 silly currentTree │ │ ├── qs@0.6.5
61 silly currentTree │ │ └─┬ send@0.1.1
61 silly currentTree │ │   └── mime@1.2.11
61 silly currentTree │ ├── cookie-signature@1.0.1
61 silly currentTree │ ├── cookie@0.1.0
61 silly currentTree │ ├─┬ debug@2.2.0
61 silly currentTree │ │ └── ms@0.7.1
61 silly currentTree │ ├── fresh@0.1.0
61 silly currentTree │ ├── methods@0.0.1
61 silly currentTree │ ├── mkdirp@0.3.4
61 silly currentTree │ ├── range-parser@0.0.4
61 silly currentTree │ └─┬ send@0.1.0
61 silly currentTree │   └── mime@1.2.6
61 silly currentTree └─┬ socket.io@0.9.17
61 silly currentTree   ├── base64id@0.1.0
61 silly currentTree   ├── policyfile@0.0.4
61 silly currentTree   ├── redis@0.7.3
61 silly currentTree   └─┬ socket.io-client@0.9.16
61 silly currentTree     ├─┬ active-x-obfuscator@0.0.1
61 silly currentTree     │ └── zeparser@0.0.5
61 silly currentTree     ├── uglify-js@1.2.5
61 silly currentTree     ├─┬ ws@0.4.32
61 silly currentTree     │ ├── commander@2.1.0
61 silly currentTree     │ ├── nan@1.0.0
61 silly currentTree     │ ├── options@0.0.6
61 silly currentTree     │ └── tinycolor@0.0.1
61 silly currentTree     └── xmlhttprequest@1.4.2
62 silly idealTree chat-example@0.0.0
62 silly idealTree ├── async@0.2.10
62 silly idealTree ├─┬ express@3.2.6
62 silly idealTree │ ├── buffer-crc32@0.2.1
62 silly idealTree │ ├── commander@0.6.1
62 silly idealTree │ ├─┬ connect@2.7.11
62 silly idealTree │ │ ├── bytes@0.2.0
62 silly idealTree │ │ ├── cookie@0.0.5
62 silly idealTree │ │ ├── formidable@1.0.14
62 silly idealTree │ │ ├── pause@0.0.1
62 silly idealTree │ │ ├── qs@0.6.5
62 silly idealTree │ │ └─┬ send@0.1.1
62 silly idealTree │ │   └── mime@1.2.11
62 silly idealTree │ ├── cookie-signature@1.0.1
62 silly idealTree │ ├── cookie@0.1.0
62 silly idealTree │ ├─┬ debug@2.2.0
62 silly idealTree │ │ └── ms@0.7.1
62 silly idealTree │ ├── fresh@0.1.0
62 silly idealTree │ ├── methods@0.0.1
62 silly idealTree │ ├── mkdirp@0.3.4
62 silly idealTree │ ├── range-parser@0.0.4
62 silly idealTree │ └─┬ send@0.1.0
62 silly idealTree │   └── mime@1.2.6
62 silly idealTree ├── mraa@1.5.1
62 silly idealTree └─┬ socket.io@0.9.17
62 silly idealTree   ├── base64id@0.1.0
62 silly idealTree   ├── policyfile@0.0.4
62 silly idealTree   ├── redis@0.7.3
62 silly idealTree   └─┬ socket.io-client@0.9.16
62 silly idealTree     ├─┬ active-x-obfuscator@0.0.1
62 silly idealTree     │ └── zeparser@0.0.5
62 silly idealTree     ├── uglify-js@1.2.5
62 silly idealTree     ├─┬ ws@0.4.32
62 silly idealTree     │ ├── commander@2.1.0
62 silly idealTree     │ ├── nan@1.0.0
62 silly idealTree     │ ├── options@0.0.6
62 silly idealTree     │ └── tinycolor@0.0.1
62 silly idealTree     └── xmlhttprequest@1.4.2
63 silly generateActionsToTake Starting
64 silly install generateActionsToTake
65 silly generateActionsToTake Finishing
66 silly diffTrees action count 1
67 silly diffTrees add mraa@1.5.1
68 silly decomposeActions action count 8
69 silly decomposeActions fetch mraa@1.5.1
70 silly decomposeActions extract mraa@1.5.1
71 silly decomposeActions test mraa@1.5.1
72 silly decomposeActions preinstall mraa@1.5.1
73 silly decomposeActions build mraa@1.5.1
74 silly decomposeActions install mraa@1.5.1
75 silly decomposeActions postinstall mraa@1.5.1
76 silly decomposeActions finalize mraa@1.5.1
77 silly runTopLevelLifecycles Starting
78 silly executeActions Starting
79 silly install executeActions
80 silly doSerial global-install 0
81 silly doParallel fetch 1
82 verbose correctMkdir /home/ubuntu/.npm/_locks correctMkdir not in flight; initializing
83 verbose lock using /home/ubuntu/.npm/_locks/staging-d44a147195c19f54.lock for /home/ubuntu/workspace/node_modules/.staging
84 silly doParallel extract 1
85 silly extract mraa@1.5.1
86 verbose unbuild node_modules/.staging/mraa-b0f5ae20
87 silly gentlyRm /home/ubuntu/workspace/node_modules/.staging/mraa-b0f5ae20 is being purged from base /home/ubuntu/workspace
88 verbose gentlyRm don't care about contents; nuking /home/ubuntu/workspace/node_modules/.staging/mraa-b0f5ae20
89 verbose tar unpack /home/ubuntu/.npm/mraa/1.5.1/package.tgz
90 verbose tar unpacking to /home/ubuntu/workspace/node_modules/.staging/mraa-b0f5ae20
91 silly gentlyRm /home/ubuntu/workspace/node_modules/.staging/mraa-b0f5ae20 is being purged
92 verbose gentlyRm don't care about contents; nuking /home/ubuntu/workspace/node_modules/.staging/mraa-b0f5ae20
93 silly gunzTarPerm modes [ '755', '644' ]
94 silly gunzTarPerm extractEntry
95 silly gunzTarPerm extractEntry imraa/
96 silly gunzTarPerm extractEntry imraa/imraa.c
97 silly gunzTarPerm extractEntry imraa/imraa.service
98 silly gunzTarPerm extractEntry imraa/imraa_arduino.h
99 silly gunzTarPerm extractEntry imraa/imraa_lock.h
100 silly gunzTarPerm extractEntry imraa/imraa_lock.c
101 silly gunzTarPerm extractEntry imraa/imraa_io.c
102 silly gunzTarPerm extractEntry imraa/imraa.io.conf
103 silly gunzTarPerm extractEntry imraa/imraa.conf
104 silly gunzTarPerm extractEntry imraa/imraa_arduino.c
105 silly gunzTarPerm extractEntry imraa/CMakeLists.txt
106 silly gunzTarPerm extractEntry imraa/imraa_io.h
107 silly gunzTarPerm extractEntry DoxygenLayout.xml
108 silly gunzTarPerm extractEntry Android.mk
109 silly gunzTarPerm extractEntry COPYING
110 silly gunzTarPerm extractEntry src/
111 silly gunzTarPerm extractEntry src/x86/
112 silly gunzTarPerm extractEntry src/x86/intel_de3815.c
113 silly gunzTarPerm extractEntry src/x86/intel_minnow_byt_compatible.c
114 silly gunzTarPerm extractEntry src/x86/intel_nuc5.c
115 silly gunzTarPerm extractEntry src/x86/intel_galileo_rev_g.c
116 silly gunzTarPerm extractEntry src/x86/intel_edison_fab_c.c
117 silly gunzTarPerm extractEntry src/x86/x86.c
118 silly gunzTarPerm extractEntry src/x86/intel_cherryhills.c
119 silly gunzTarPerm extractEntry src/x86/intel_galileo_rev_d.c
120 silly gunzTarPerm extractEntry src/x86/CMakeLists.txt
121 silly gunzTarPerm extractEntry src/x86/intel_sofia_3gr.c
122 silly gunzTarPerm extractEntry src/x86/intel_gt_tuchuck.c
123 silly gunzTarPerm extractEntry src/x86/up.c
124 silly gunzTarPerm extractEntry src/mraajsJAVASCRIPT_wrap.cxx
125 silly gunzTarPerm extractEntry src/java/
126 silly gunzTarPerm extractEntry src/java/manifest.txt.in
127 silly gunzTarPerm extractEntry src/java/mraajni.c
128 silly gunzTarPerm extractEntry src/java/pom.xml.in
129 silly gunzTarPerm extractEntry src/java/mraajava.pc.cmake
130 silly gunzTarPerm extractEntry src/java/mraajava.i
131 silly gunzTarPerm extractEntry src/java/CMakeLists.txt
132 silly gunzTarPerm extractEntry src/spi/
133 silly gunzTarPerm extractEntry src/spi/spi.c
134 silly gunzTarPerm extractEntry src/mraa.i
135 silly gunzTarPerm extractEntry src/python/
136 silly gunzTarPerm extractEntry src/python/python3/
137 silly gunzTarPerm extractEntry src/python/python3/mraa3.i
138 silly gunzTarPerm extractEntry src/python/python3/CMakeLists.txt
139 silly gunzTarPerm extractEntry src/python/mraapy.c
140 silly gunzTarPerm extractEntry src/python/python2/
141 silly gunzTarPerm extractEntry src/python/python2/mraa2.i
142 silly gunzTarPerm extractEntry src/python/python2/docs/
143 silly gunzTarPerm extractEntry src/python/python2/docs/example.rst
144 silly gunzTarPerm extractEntry src/python/python2/docs/mraa.rst
145 silly gunzTarPerm extractEntry src/python/python2/docs/index.rst
146 silly gunzTarPerm extractEntry src/python/python2/docs/conf.py.in
147 silly gunzTarPerm extractEntry src/python/python2/docs/CMakeLists.txt
148 silly gunzTarPerm extractEntry src/python/python2/CMakeLists.txt
149 silly gunzTarPerm extractEntry src/python/mraapython.i
150 silly gunzTarPerm extractEntry src/python/CMakeLists.txt
151 silly gunzTarPerm extractEntry src/javascript/
152 silly gunzTarPerm extractEntry src/javascript/doxygen2jsdoc_custom.json
153 silly gunzTarPerm extractEntry src/javascript/binding.gyp.cmake
154 silly gunzTarPerm extractEntry src/javascript/mraajs.i
155 silly gunzTarPerm extractEntry src/javascript/CMakeLists.txt
156 silly gunzTarPerm extractEntry src/javascript/package.json.cmake
157 silly gunzTarPerm extractEntry src/gpio/
158 silly gunzTarPerm extractEntry src/gpio/gpio.c
159 silly gunzTarPerm extractEntry src/arm/
160 silly gunzTarPerm extractEntry src/arm/banana.c
161 silly gunzTarPerm extractEntry src/arm/beaglebone.c
162 silly gunzTarPerm extractEntry src/arm/arm.c
163 silly gunzTarPerm extractEntry src/arm/raspberry_pi.c
164 silly gunzTarPerm extractEntry src/arm/96boards.c
165 silly gunzTarPerm extractEntry src/arm/CMakeLists.txt
166 silly gunzTarPerm extractEntry src/aio/
167 silly gunzTarPerm extractEntry src/aio/aio.c
168 silly gunzTarPerm extractEntry src/mraa.c
169 silly gunzTarPerm extractEntry src/uart/
170 silly gunzTarPerm extractEntry src/uart/uart.c
171 silly gunzTarPerm extractEntry src/pwm/
172 silly gunzTarPerm extractEntry src/pwm/pwm.c
173 silly gunzTarPerm extractEntry src/usb/
174 silly gunzTarPerm extractEntry src/usb/usb.c
175 silly gunzTarPerm extractEntry src/usb/ftdi_ft4222.c
176 silly gunzTarPerm extractEntry src/usb/CMakeLists.txt
177 silly gunzTarPerm extractEntry src/uart_ow/
178 silly gunzTarPerm extractEntry src/uart_ow/uart_ow.c
179 silly gunzTarPerm extractEntry src/uart_ow/CMakeLists.txt
180 silly gunzTarPerm extractEntry src/json/
181 silly gunzTarPerm extractEntry src/json/jsonplatform.c
182 silly gunzTarPerm extractEntry src/i2c/
183 silly gunzTarPerm extractEntry src/i2c/i2c.c
184 silly gunzTarPerm extractEntry src/i2c/LICENSE
185 silly gunzTarPerm extractEntry src/mraa.pc.cmake
186 silly gunzTarPerm extractEntry src/doxy2swig.py
187 silly gunzTarPerm extractEntry src/glob/
188 silly gunzTarPerm extractEntry src/glob/glob.c
189 silly gunzTarPerm extractEntry src/glob/glob.h
190 silly gunzTarPerm extractEntry src/version.c
191 silly gunzTarPerm extractEntry src/iio/
192 silly gunzTarPerm extractEntry src/iio/iio.c
193 silly gunzTarPerm extractEntry src/CMakeLists.txt
194 silly gunzTarPerm extractEntry src/firmata/
195 silly gunzTarPerm extractEntry src/firmata/firmata_mraa.c
196 silly gunzTarPerm extractEntry src/firmata/firmata.c
197 silly gunzTarPerm extractEntry src/firmata/CMakeLists.txt
198 silly gunzTarPerm extractEntry src/mock/
199 silly gunzTarPerm extractEntry src/mock/mock_board_uart.c
200 silly gunzTarPerm extractEntry src/mock/mock_board.c
201 silly gunzTarPerm extractEntry src/mock/mock_board_aio.c
202 silly gunzTarPerm extractEntry src/mock/mock_board_gpio.c
203 silly gunzTarPerm extractEntry src/mock/mock_board_i2c.c
204 silly gunzTarPerm extractEntry src/mock/mock_board_spi.c
205 silly gunzTarPerm extractEntry src/mock/CMakeLists.txt
206 silly gunzTarPerm extractEntry src/mock/mock.c
207 silly gunzTarPerm extractEntry package.json
208 silly gunzTarPerm extractEntry .gitmodules
209 silly gunzTarPerm extractEntry READMEFIRST
210 silly gunzTarPerm extractEntry binding.gyp
211 silly gunzTarPerm extractEntry docs/
212 silly gunzTarPerm extractEntry docs/testing.md
213 silly gunzTarPerm extractEntry docs/minnow_max.md
214 silly gunzTarPerm extractEntry docs/index.java.md
215 silly gunzTarPerm extractEntry docs/banana_pi.md
216 silly gunzTarPerm extractEntry docs/up.md
217 silly gunzTarPerm extractEntry docs/i2c.txt
218 silly gunzTarPerm extractEntry docs/jsonplatform.md
219 silly gunzTarPerm extractEntry docs/galileorevd.md
220 silly gunzTarPerm extractEntry docs/galileorevh.md
221 silly gunzTarPerm extractEntry docs/npm.md
222 silly gunzTarPerm extractEntry docs/index.md
223 silly gunzTarPerm extractEntry docs/platform-hooks.md
224 silly gunzTarPerm extractEntry docs/intel_nuc5.md
225 silly gunzTarPerm extractEntry docs/changelog.md
226 silly gunzTarPerm extractEntry docs/grossetete.md
227 silly gunzTarPerm extractEntry docs/internals.md
228 silly gunzTarPerm extractEntry docs/imraa.md
229 silly gunzTarPerm extractEntry docs/intel_de3815.md
230 silly gunzTarPerm extractEntry docs/mock.md
231 silly gunzTarPerm extractEntry docs/ftdi_ft4222.md
232 silly gunzTarPerm extractEntry docs/firmata.md
233 silly gunzTarPerm extractEntry docs/debugging.md
234 silly gunzTarPerm extractEntry docs/iio.md
235 silly gunzTarPerm extractEntry docs/beaglebone.md
236 silly gunzTarPerm extractEntry docs/raspberry_pi.md
237 silly gunzTarPerm extractEntry docs/edison.md
238 silly gunzTarPerm extractEntry include/
239 silly gunzTarPerm extractEntry include/x86/
240 silly gunzTarPerm extractEntry include/x86/up.h
241 silly gunzTarPerm extractEntry include/x86/intel_sofia_3gr.h
242 silly gunzTarPerm extractEntry include/x86/intel_galileo_rev_d.h
243 silly gunzTarPerm extractEntry include/x86/intel_cherryhills.h
244 silly gunzTarPerm extractEntry include/x86/intel_minnow_byt_compatible.h
245 silly gunzTarPerm extractEntry include/x86/intel_gt_tuchuck.h
246 silly gunzTarPerm extractEntry include/x86/intel_nuc5.h
247 silly gunzTarPerm extractEntry include/x86/intel_de3815.h
248 silly gunzTarPerm extractEntry include/x86/intel_edison_fab_c.h
249 silly gunzTarPerm extractEntry include/x86/intel_galileo_rev_g.h
250 silly gunzTarPerm extractEntry include/mraa_internal_types.h
251 silly gunzTarPerm extractEntry include/linux/
252 silly gunzTarPerm extractEntry include/linux/spi_kernel_headers.h
253 silly gunzTarPerm extractEntry include/linux/types.h
254 silly gunzTarPerm extractEntry include/linux/i2c-dev.h
255 silly gunzTarPerm extractEntry include/linux/README
256 silly gunzTarPerm extractEntry include/linux/posix_types.h
257 silly gunzTarPerm extractEntry include/linux/compiler.h
258 silly gunzTarPerm extractEntry include/java/
259 silly gunzTarPerm extractEntry include/java/mraajni.h
260 silly gunzTarPerm extractEntry include/python/
261 silly gunzTarPerm extractEntry include/python/mraapy.h
262 silly gunzTarPerm extractEntry include/mraa_adv_func.h
263 silly gunzTarPerm extractEntry include/arm/
264 silly gunzTarPerm extractEntry include/arm/96boards.h
265 silly gunzTarPerm extractEntry include/arm/raspberry_pi.h
266 silly gunzTarPerm extractEntry include/arm/beaglebone.h
267 silly gunzTarPerm extractEntry include/arm/banana.h
268 silly gunzTarPerm extractEntry include/mraa_internal.h
269 silly gunzTarPerm extractEntry include/usb/
270 silly gunzTarPerm extractEntry include/usb/ftdi_ft4222.h
271 silly gunzTarPerm extractEntry include/mraa_lang_func.h
272 silly gunzTarPerm extractEntry include/version.h
273 silly gunzTarPerm extractEntry include/firmata/
274 silly gunzTarPerm extractEntry include/firmata/firmata.h
275 silly gunzTarPerm extractEntry include/firmata/firmata_mraa.h
276 silly gunzTarPerm extractEntry include/mock/
277 silly gunzTarPerm extractEntry include/mock/mock_board_spi.h
278 silly gunzTarPerm extractEntry include/mock/mock_board_i2c.h
279 silly gunzTarPerm extractEntry include/mock/mock_board_gpio.h
280 silly gunzTarPerm extractEntry include/mock/mock_board_uart.h
281 silly gunzTarPerm extractEntry include/mock/mock_board_aio.h
282 silly gunzTarPerm extractEntry include/mock/mock_board.h
283 silly gunzTarPerm extractEntry Doxyfile.in
284 silly gunzTarPerm extractEntry .travis.yml
285 silly gunzTarPerm extractEntry api/
286 silly gunzTarPerm extractEntry api/mraa.h
287 silly gunzTarPerm extractEntry api/mraa.hpp
288 silly gunzTarPerm extractEntry api/mraa/
289 silly gunzTarPerm extractEntry api/mraa/uart_ow.hpp
290 silly gunzTarPerm extractEntry api/mraa/firmata.h
291 silly gunzTarPerm extractEntry api/mraa/spi.h
292 silly gunzTarPerm extractEntry api/mraa/iio.hpp
293 silly gunzTarPerm extractEntry api/mraa/pwm.hpp
294 silly gunzTarPerm extractEntry api/mraa/pwm.h
295 silly gunzTarPerm extractEntry api/mraa/types.hpp
296 silly gunzTarPerm extractEntry api/mraa/i2c.h
297 silly gunzTarPerm extractEntry api/mraa/uart_ow.h
298 silly gunzTarPerm extractEntry api/mraa/i2c.hpp
299 silly gunzTarPerm extractEntry api/mraa/iio_kernel_headers.h
300 silly gunzTarPerm extractEntry api/mraa/common.hpp
301 silly gunzTarPerm extractEntry api/mraa/aio.hpp
302 silly gunzTarPerm extractEntry api/mraa/types.h
303 silly gunzTarPerm extractEntry api/mraa/aio.h
304 silly gunzTarPerm extractEntry api/mraa/gpio.hpp
305 silly gunzTarPerm extractEntry api/mraa/gpio.h
306 silly gunzTarPerm extractEntry api/mraa/uart.hpp
307 silly gunzTarPerm extractEntry api/mraa/iio.h
308 silly gunzTarPerm extractEntry api/mraa/spi.hpp
309 silly gunzTarPerm extractEntry api/mraa/uart.h
310 silly gunzTarPerm extractEntry api/mraa/common.h
311 silly gunzTarPerm extractEntry examples/
312 silly gunzTarPerm extractEntry examples/iio_driver.c
313 silly gunzTarPerm extractEntry examples/hellomraa.c
314 silly gunzTarPerm extractEntry examples/c++/
315 silly gunzTarPerm extractEntry examples/c++/Pwm3-cycle.cpp
316 silly gunzTarPerm extractEntry examples/c++/Blink-IO.cpp
317 silly gunzTarPerm extractEntry examples/c++/initio.cpp
318 silly gunzTarPerm extractEntry examples/c++/Uart-example.cpp
319 silly gunzTarPerm extractEntry examples/c++/I2c-compass.cpp
320 silly gunzTarPerm extractEntry examples/c++/AioA0.cpp
321 silly gunzTarPerm extractEntry examples/c++/Spi-pot.cpp
322 silly gunzTarPerm extractEntry examples/c++/UartOW.cpp
323 silly gunzTarPerm extractEntry examples/c++/Iio-dummy.cpp
324 silly gunzTarPerm extractEntry examples/c++/CMakeLists.txt
325 silly gunzTarPerm extractEntry examples/c++/Isr-pin6.cpp
326 silly gunzTarPerm extractEntry examples/isr_pin6.c
327 silly gunzTarPerm extractEntry examples/blink_onboard.c
328 silly gunzTarPerm extractEntry examples/platform/
329 silly gunzTarPerm extractEntry examples/platform/turbotjson.json
330 silly gunzTarPerm extractEntry examples/firmata_curie_imu.c
331 silly gunzTarPerm extractEntry examples/analogin_a0.c
332 silly gunzTarPerm extractEntry examples/java/
333 silly gunzTarPerm extractEntry examples/java/Bmp85.java
334 silly gunzTarPerm extractEntry examples/java/Isr.java
335 silly gunzTarPerm extractEntry examples/java/SpiMAX7219.java
336 silly gunzTarPerm extractEntry examples/java/Example.java
337 silly gunzTarPerm extractEntry examples/java/SpiMCP4261.java
338 silly gunzTarPerm extractEntry examples/java/HelloEdison.java
339 silly gunzTarPerm extractEntry examples/java/I2cCompass.java
340 silly gunzTarPerm extractEntry examples/java/AioA0.java
341 silly gunzTarPerm extractEntry examples/java/CyclePwm3.java
342 silly gunzTarPerm extractEntry examples/java/FTDITest.java
343 silly gunzTarPerm extractEntry examples/java/GpioRead6.java
344 silly gunzTarPerm extractEntry examples/java/BlinkIO.java
345 silly gunzTarPerm extractEntry examples/java/GpioMmapped.java
346 silly gunzTarPerm extractEntry examples/java/UartExample.java
347 silly gunzTarPerm extractEntry examples/java/BlinkOnboard.java
348 silly gunzTarPerm extractEntry examples/i2c_HMC5883L.c
349 silly gunzTarPerm extractEntry examples/blink-io.c
350 silly gunzTarPerm extractEntry examples/python/
351 silly gunzTarPerm extractEntry examples/python/hello_isr.py
352 silly gunzTarPerm extractEntry examples/python/blink-io8.py
353 silly gunzTarPerm extractEntry examples/python/firmata.py
354 silly gunzTarPerm extractEntry examples/python/bmp85.py
355 silly gunzTarPerm extractEntry examples/python/initio.py
356 silly gunzTarPerm extractEntry examples/python/hello_gpio.py
357 silly gunzTarPerm extractEntry examples/python/spi.py
358 silly gunzTarPerm extractEntry examples/python/cycle-pwm3.py
359 silly gunzTarPerm extractEntry examples/python/uart_sender.py
360 silly gunzTarPerm extractEntry examples/python/aio.py
361 silly gunzTarPerm extractEntry examples/python/uart_receiver.py
362 silly gunzTarPerm extractEntry examples/python/rgblcd.py
363 silly gunzTarPerm extractEntry examples/javascript/
364 silly gunzTarPerm extractEntry examples/javascript/AioA0.js
365 silly gunzTarPerm extractEntry examples/javascript/Blink-IO.js
366 silly gunzTarPerm extractEntry examples/javascript/spi.js
367 silly gunzTarPerm extractEntry examples/javascript/rgblcd.js
368 silly gunzTarPerm extractEntry examples/javascript/GPIO_DigitalWrite.js
369 silly gunzTarPerm extractEntry examples/javascript/initio.js
370 silly gunzTarPerm extractEntry examples/javascript/uart.js
371 silly gunzTarPerm extractEntry examples/javascript/bmp85.js
372 silly gunzTarPerm extractEntry examples/javascript/isr.js
373 silly gunzTarPerm extractEntry examples/javascript/GPIO_DigitalRead.js
374 silly gunzTarPerm extractEntry examples/javascript/firmata.js
375 silly gunzTarPerm extractEntry examples/javascript/gpio-tool.js
376 silly gunzTarPerm extractEntry examples/samples.mapping.txt
377 silly gunzTarPerm extractEntry examples/mmap-io2.c
378 silly gunzTarPerm extractEntry examples/uart.c
379 silly gunzTarPerm extractEntry examples/mraa-gpio.c
380 silly gunzTarPerm extractEntry examples/gpio_read6.c
381 silly gunzTarPerm extractEntry examples/i2c_firmata.c
382 silly gunzTarPerm extractEntry examples/spi_max7219.c
383 silly gunzTarPerm extractEntry examples/uart_ow.c
384 silly gunzTarPerm extractEntry examples/spi_mcp4261.c
385 silly gunzTarPerm extractEntry examples/cycle-pwm3.c
386 silly gunzTarPerm extractEntry examples/helloedison.c
387 silly gunzTarPerm extractEntry examples/CMakeLists.txt
388 silly gunzTarPerm extractEntry examples/mraa-i2c.c
389 silly gunzTarPerm extractEntry examples/initio.c
390 silly gunzTarPerm extractEntry Doxyfile.java.in
391 silly gunzTarPerm extractEntry cmake/
392 silly gunzTarPerm extractEntry cmake/modules/
393 silly gunzTarPerm extractEntry cmake/modules/TargetArch.cmake
394 silly gunzTarPerm extractEntry cmake/modules/FindNodejs.cmake
395 silly gunzTarPerm extractEntry cmake/modules/version.c.in
396 silly gunzTarPerm extractEntry cmake/modules/FindYuidoc.cmake
397 silly gunzTarPerm extractEntry cmake/modules/OpenCVDetectPython.cmake
398 silly gunzTarPerm extractEntry cmake/modules/COPYING-CMAKE-SCRIPTS
399 silly gunzTarPerm extractEntry cmake/modules/LICENSE.LGPL
400 silly gunzTarPerm extractEntry cmake/modules/LICENSE_1_0.txt
401 silly gunzTarPerm extractEntry cmake/modules/FindFtd4222.cmake
402 silly gunzTarPerm extractEntry cmake/modules/FindSphinx.cmake
403 silly gunzTarPerm extractEntry cmake/modules/FindFtd2xx.cmake
404 silly gunzTarPerm extractEntry cmake/modules/GetGitRevisionDescription.cmake.in
405 silly gunzTarPerm extractEntry cmake/modules/FindJSON-C.cmake
406 silly gunzTarPerm extractEntry cmake/modules/CPackDeb.cmake
407 silly gunzTarPerm extractEntry cmake/modules/Copyright.txt
408 silly gunzTarPerm extractEntry cmake/modules/GetGitRevisionDescription.cmake
409 silly gunzTarPerm extractEntry cmake/modules/FindUDEV.cmake
410 silly gunzTarPerm extractEntry cmake/Toolchains/
411 silly gunzTarPerm extractEntry cmake/Toolchains/oe-sdk_cross.cmake
412 silly gunzTarPerm extractEntry .clang-format
413 silly gunzTarPerm extractEntry CONTRIBUTING.md
414 silly gunzTarPerm extractEntry doxygen2jsdoc/
415 silly gunzTarPerm extractEntry jsstub/
416 silly gunzTarPerm extractEntry jsstub/package.json
417 silly gunzTarPerm extractEntry jsstub/index.js
418 silly gunzTarPerm extractEntry jsstub/test/
419 silly gunzTarPerm extractEntry jsstub/test/index.js
420 silly gunzTarPerm extractEntry jsstub/test/lightbulb.js
421 silly gunzTarPerm extractEntry jsstub/Gruntfile.js
422 silly gunzTarPerm extractEntry jsstub/README.md
423 silly gunzTarPerm extractEntry CMakeLists.txt
424 silly gunzTarPerm extractEntry tests/
425 silly gunzTarPerm extractEntry tests/general_checks.py
426 silly gunzTarPerm extractEntry tests/gpio_checks.py
427 silly gunzTarPerm extractEntry tests/check_clean.py
428 silly gunzTarPerm extractEntry tests/platform_checks.py
429 silly gunzTarPerm extractEntry tests/check_samplenames.py
430 silly gunzTarPerm extractEntry tests/CMakeLists.txt
431 silly gunzTarPerm extractEntry tests/mock/
432 silly gunzTarPerm extractEntry tests/mock/i2c_checks_write_word_data.py
433 silly gunzTarPerm extractEntry tests/mock/uart_checks_shared.py
434 silly gunzTarPerm extractEntry tests/mock/general_checks.py
435 silly gunzTarPerm extractEntry tests/mock/i2c_checks_freq.py
436 silly gunzTarPerm extractEntry tests/mock/gpio_checks_mode.py
437 silly gunzTarPerm extractEntry tests/mock/i2c_checks_write_byte_data.py
438 silly gunzTarPerm extractEntry tests/mock/spi_checks_write_byte.py
439 silly gunzTarPerm extractEntry tests/mock/i2c_checks_read.py
440 silly gunzTarPerm extractEntry tests/mock/spi_checks_freq.py
441 silly gunzTarPerm extractEntry tests/mock/i2c_checks_write.py
442 silly gunzTarPerm extractEntry tests/mock/spi_checks_write.py
443 silly gunzTarPerm extractEntry tests/mock/uart_checks_set_timeout.py
444 silly gunzTarPerm extractEntry tests/mock/uart_checks_write.py
445 silly gunzTarPerm extractEntry tests/mock/i2c_checks_addr.py
446 silly gunzTarPerm extractEntry tests/mock/spi_checks_bit_per_word.py
447 silly gunzTarPerm extractEntry tests/mock/uart_checks_flush.py
448 silly gunzTarPerm extractEntry tests/mock/uart_checks_data_available.py
449 silly gunzTarPerm extractEntry tests/mock/uart_checks_read.py
450 silly gunzTarPerm extractEntry tests/mock/spi_checks_lsbmode.py
451 silly gunzTarPerm extractEntry tests/mock/i2c_checks_shared.py
452 silly gunzTarPerm extractEntry tests/mock/i2c_checks_read_byte.py
453 silly gunzTarPerm extractEntry tests/mock/uart_checks_set_nonblocking.py
454 silly gunzTarPerm extractEntry tests/mock/i2c_checks_read_word_data.py
455 silly gunzTarPerm extractEntry tests/mock/i2c_checks_write_byte.py
456 silly gunzTarPerm extractEntry tests/mock/spi_checks_mode.py
457 silly gunzTarPerm extractEntry tests/mock/gpio_checks_write_read.py
458 silly gunzTarPerm extractEntry tests/mock/uart_checks_set_mode.py
459 silly gunzTarPerm extractEntry tests/mock/aio_checks.py
460 silly gunzTarPerm extractEntry tests/mock/gpio_checks_dir.py
461 silly gunzTarPerm extractEntry tests/mock/platform_checks.py
462 silly gunzTarPerm extractEntry tests/mock/spi_checks_write_word.py
463 silly gunzTarPerm extractEntry tests/mock/uart_checks_set_flowcontrol.py
464 silly gunzTarPerm extractEntry tests/mock/spi_checks_shared.py
465 silly gunzTarPerm extractEntry tests/mock/gpio_checks_basic.py
466 silly gunzTarPerm extractEntry tests/mock/CMakeLists.txt
467 silly gunzTarPerm extractEntry tests/mock/gpio_checks_edge.py
468 silly gunzTarPerm extractEntry tests/mock/i2c_checks_read_byte_data.py
469 silly gunzTarPerm extractEntry tests/mock/gpio_checks_isr.py
470 silly gunzTarPerm extractEntry tests/mock/uart_checks_set_baudrate.py
471 silly gunzTarPerm extractEntry tests/mock/i2c_checks_read_bytes_data.py
472 silly gunzTarPerm extractEntry README.md
473 silly gentlyRm /home/ubuntu/workspace/node_modules/.staging/mraa-b0f5ae20/node_modules is being purged
474 verbose gentlyRm don't care about contents; nuking /home/ubuntu/workspace/node_modules/.staging/mraa-b0f5ae20/node_modules
475 silly doParallel preinstall 1
476 silly preinstall mraa@1.5.1 /home/ubuntu/workspace/node_modules/.staging/mraa-b0f5ae20
477 info lifecycle mraa@1.5.1~preinstall: mraa@1.5.1
478 silly lifecycle mraa@1.5.1~preinstall: no script for preinstall, continuing
479 silly doReverseSerial remove 0
480 silly doSerial move 0
481 silly doSerial finalize 1
482 silly finalize /home/ubuntu/workspace/node_modules/mraa
483 silly doSerial build 1
484 silly build mraa@1.5.1
485 info linkStuff mraa@1.5.1
486 silly linkStuff mraa@1.5.1 has /home/ubuntu/workspace/node_modules as its parent node_modules
487 verbose linkBins mraa@1.5.1
488 verbose linkMans mraa@1.5.1
489 silly doSerial global-link 0
490 silly doParallel update-linked 0
491 silly doSerial install 1
492 silly install mraa@1.5.1 /home/ubuntu/workspace/node_modules/.staging/mraa-b0f5ae20
493 info lifecycle mraa@1.5.1~install: mraa@1.5.1
494 verbose lifecycle mraa@1.5.1~install: unsafe-perm in lifecycle true
495 verbose lifecycle mraa@1.5.1~install: PATH: /home/ubuntu/.nvm/versions/node/v7.0.0/lib/node_modules/npm/bin/node-gyp-bin:/home/ubuntu/workspace/node_modules/mraa/node_modules/.bin:/home/ubuntu/workspace/node_modules/.bin:/home/ubuntu/.nvm/versions/node/v7.0.0/bin:/usr/local/rvm/gems/ruby-2.3.0/bin:/usr/local/rvm/gems/ruby-2.3.0@global/bin:/usr/local/rvm/rubies/ruby-2.3.0/bin:/mnt/shared/bin:/home/ubuntu/workspace/node_modules/.bin:/home/ubuntu/bin:/usr/local/sbin:/usr/local/bin:/usr/sbin:/usr/bin:/sbin:/bin:/mnt/shared/sbin:/opt/gitl:/opt/go/bin:/mnt/shared/c9/app.nw/bin:/usr/local/rvm/bin
496 verbose lifecycle mraa@1.5.1~install: CWD: /home/ubuntu/workspace/node_modules/mraa
497 silly lifecycle mraa@1.5.1~install: Args: [ '-c', 'node-gyp rebuild' ]
498 silly lifecycle mraa@1.5.1~install: Returned: code: 1  signal: null
499 info lifecycle mraa@1.5.1~install: Failed to exec install script
500 verbose unlock done using /home/ubuntu/.npm/_locks/staging-d44a147195c19f54.lock for /home/ubuntu/workspace/node_modules/.staging
501 silly rollbackFailedOptional Starting
502 silly rollbackFailedOptional Finishing
503 silly runTopLevelLifecycles Finishing
504 silly install printInstalled
505 warn chat-example@0.0.0 No repository field.
506 verbose If you need help, you may report this error at:
506 verbose     <https://github.com/npm/npm/issues>
507 warn chat-example@0.0.0 No license field.
508 verbose If you need help, you may report this error at:
508 verbose     <https://github.com/npm/npm/issues>
509 verbose stack Error: mraa@1.5.1 install: `node-gyp rebuild`
509 verbose stack Exit status 1
509 verbose stack     at EventEmitter.<anonymous> (/home/ubuntu/.nvm/versions/node/v7.0.0/lib/node_modules/npm/lib/utils/lifecycle.js:255:16)
509 verbose stack     at emitTwo (events.js:106:13)
509 verbose stack     at EventEmitter.emit (events.js:191:7)
509 verbose stack     at ChildProcess.<anonymous> (/home/ubuntu/.nvm/versions/node/v7.0.0/lib/node_modules/npm/lib/utils/spawn.js:40:14)
509 verbose stack     at emitTwo (events.js:106:13)
509 verbose stack     at ChildProcess.emit (events.js:191:7)
509 verbose stack     at maybeClose (internal/child_process.js:877:16)
509 verbose stack     at Process.ChildProcess._handle.onexit (internal/child_process.js:226:5)
510 verbose pkgid mraa@1.5.1
511 verbose cwd /home/ubuntu/workspace
512 error Linux 4.2.0-c9
513 error argv "/home/ubuntu/.nvm/versions/node/v7.0.0/bin/node" "/home/ubuntu/.nvm/versions/node/v7.0.0/bin/npm" "install" "--save" "mraa"
514 error node v7.0.0
515 error npm  v3.10.8
516 error code ELIFECYCLE
517 error mraa@1.5.1 install: `node-gyp rebuild`
517 error Exit status 1
518 error Failed at the mraa@1.5.1 install script 'node-gyp rebuild'.
518 error Make sure you have the latest version of node.js and npm installed.
518 error If you do, this is most likely a problem with the mraa package,
518 error not with npm itself.
518 error Tell the author that this fails on your system:
518 error     node-gyp rebuild
518 error You can get information on how to open an issue for this project with:
518 error     npm bugs mraa
518 error Or if that isn't available, you can get their info via:
518 error     npm owner ls mraa
518 error There is likely additional logging output above.
519 verbose exit [ 1, true ]
